# JRE version: OpenJDK Runtime Environment (8.0_152-b01) (build 1.8.0_152-release-915-b01)
# Java VM: OpenJDK 64-Bit Server VM (25.152-b01 mixed mode windows-amd64 compressed oops)
Heap:
 PSYoungGen      total 240128K, used 93187K [0x00000000d5580000, 0x00000000e5980000, 0x0000000100000000)
  eden space 217088K, 39% used [0x00000000d5580000,0x00000000da891c40,0x00000000e2980000)
  from space 23040K, 35% used [0x00000000e4300000,0x00000000e4aef160,0x00000000e5980000)
  to   space 24576K, 0% used [0x00000000e2980000,0x00000000e2980000,0x00000000e4180000)
 ParOldGen       total 159232K, used 56779K [0x0000000080000000, 0x0000000089b80000, 0x00000000d5580000)
  object space 159232K, 35% used [0x0000000080000000,0x0000000083772ca0,0x0000000089b80000)
 Metaspace       used 71014K, capacity 74791K, committed 74900K, reserved 1114112K
  class space    used 9187K, capacity 10079K, committed 10132K, reserved 1048576K
GC Heap History (10 events):
Event: 37.052 GC heap before
{Heap before GC invocations=17 (full 3):
 PSYoungGen      total 187904K, used 13221K [0x00000000d5580000, 0x00000000e2580000, 0x0000000100000000)
  eden space 166912K, 0% used [0x00000000d5580000,0x00000000d5580000,0x00000000df880000)
  from space 20992K, 62% used [0x00000000e0d00000,0x00000000e19e9620,0x00000000e2180000)
  to   space 20992K, 0% used [0x00000000df880000,0x00000000df880000,0x00000000e0d00000)
 ParOldGen       total 96256K, used 38694K [0x0000000080000000, 0x0000000085e00000, 0x00000000d5580000)
  object space 96256K, 40% used [0x0000000080000000,0x00000000825c9b60,0x0000000085e00000)
 Metaspace       used 56687K, capacity 59017K, committed 59028K, reserved 1099776K
  class space    used 7724K, capacity 8329K, committed 8340K, reserved 1048576K
Event: 37.866 GC heap after
Heap after GC invocations=17 (full 3):
 PSYoungGen      total 187904K, used 0K [0x00000000d5580000, 0x00000000e2580000, 0x0000000100000000)
  eden space 166912K, 0% used [0x00000000d5580000,0x00000000d5580000,0x00000000df880000)
  from space 20992K, 0% used [0x00000000e0d00000,0x00000000e0d00000,0x00000000e2180000)
  to   space 20992K, 0% used [0x00000000df880000,0x00000000df880000,0x00000000e0d00000)
 ParOldGen       total 159232K, used 48343K [0x0000000080000000, 0x0000000089b80000, 0x00000000d5580000)
  object space 159232K, 30% used [0x0000000080000000,0x0000000082f35d78,0x0000000089b80000)
 Metaspace       used 56687K, capacity 59017K, committed 59028K, reserved 1099776K
  class space    used 7724K, capacity 8329K, committed 8340K, reserved 1048576K
}
Event: 122.681 GC heap before
{Heap before GC invocations=18 (full 3):
 PSYoungGen      total 187904K, used 166912K [0x00000000d5580000, 0x00000000e2580000, 0x0000000100000000)
  eden space 166912K, 100% used [0x00000000d5580000,0x00000000df880000,0x00000000df880000)
  from space 20992K, 0% used [0x00000000e0d00000,0x00000000e0d00000,0x00000000e2180000)
  to   space 20992K, 0% used [0x00000000df880000,0x00000000df880000,0x00000000e0d00000)
 ParOldGen       total 159232K, used 48343K [0x0000000080000000, 0x0000000089b80000, 0x00000000d5580000)
  object space 159232K, 30% used [0x0000000080000000,0x0000000082f35d78,0x0000000089b80000)
 Metaspace       used 62160K, capacity 65301K, committed 65428K, reserved 1105920K
  class space    used 8264K, capacity 9092K, committed 9108K, reserved 1048576K
Event: 122.722 GC heap after
Heap after GC invocations=18 (full 3):
 PSYoungGen      total 187904K, used 9200K [0x00000000d5580000, 0x00000000e4200000, 0x0000000100000000)
  eden space 166912K, 0% used [0x00000000d5580000,0x00000000d5580000,0x00000000df880000)
  from space 20992K, 43% used [0x00000000df880000,0x00000000e017c1d8,0x00000000e0d00000)
  to   space 20480K, 0% used [0x00000000e2e00000,0x00000000e2e00000,0x00000000e4200000)
 ParOldGen       total 159232K, used 48351K [0x0000000080000000, 0x0000000089b80000, 0x00000000d5580000)
  object space 159232K, 30% used [0x0000000080000000,0x0000000082f37d78,0x0000000089b80000)
 Metaspace       used 62160K, capacity 65301K, committed 65428K, reserved 1105920K
  class space    used 8264K, capacity 9092K, committed 9108K, reserved 1048576K
}
Event: 128.884 GC heap before
{Heap before GC invocations=19 (full 3):
 PSYoungGen      total 187904K, used 176112K [0x00000000d5580000, 0x00000000e4200000, 0x0000000100000000)
  eden space 166912K, 100% used [0x00000000d5580000,0x00000000df880000,0x00000000df880000)
  from space 20992K, 43% used [0x00000000df880000,0x00000000e017c1d8,0x00000000e0d00000)
  to   space 20480K, 0% used [0x00000000e2e00000,0x00000000e2e00000,0x00000000e4200000)
 ParOldGen       total 159232K, used 48351K [0x0000000080000000, 0x0000000089b80000, 0x00000000d5580000)
  object space 159232K, 30% used [0x0000000080000000,0x0000000082f37d78,0x0000000089b80000)
 Metaspace       used 65306K, capacity 68685K, committed 68884K, reserved 1107968K
  class space    used 8576K, capacity 9416K, committed 9492K, reserved 1048576K
Event: 128.919 GC heap after
Heap after GC invocations=19 (full 3):
 PSYoungGen      total 217600K, used 17574K [0x00000000d5580000, 0x00000000e4180000, 0x0000000100000000)
  eden space 197632K, 0% used [0x00000000d5580000,0x00000000d5580000,0x00000000e1680000)
  from space 19968K, 88% used [0x00000000e2e00000,0x00000000e3f298c8,0x00000000e4180000)
  to   space 22016K, 0% used [0x00000000e1680000,0x00000000e1680000,0x00000000e2c00000)
 ParOldGen       total 159232K, used 48359K [0x0000000080000000, 0x0000000089b80000, 0x00000000d5580000)
  object space 159232K, 30% used [0x0000000080000000,0x0000000082f39d78,0x0000000089b80000)
 Metaspace       used 65306K, capacity 68685K, committed 68884K, reserved 1107968K
  class space    used 8576K, capacity 9416K, committed 9492K, reserved 1048576K
}
Event: 161.077 GC heap before
{Heap before GC invocations=20 (full 3):
 PSYoungGen      total 217600K, used 215206K [0x00000000d5580000, 0x00000000e4180000, 0x0000000100000000)
  eden space 197632K, 100% used [0x00000000d5580000,0x00000000e1680000,0x00000000e1680000)
  from space 19968K, 88% used [0x00000000e2e00000,0x00000000e3f298c8,0x00000000e4180000)
  to   space 22016K, 0% used [0x00000000e1680000,0x00000000e1680000,0x00000000e2c00000)
 ParOldGen       total 159232K, used 48359K [0x0000000080000000, 0x0000000089b80000, 0x00000000d5580000)
  object space 159232K, 30% used [0x0000000080000000,0x0000000082f39d78,0x0000000089b80000)
 Metaspace       used 69377K, capacity 73017K, committed 73108K, reserved 1112064K
  class space    used 8996K, capacity 9866K, committed 9876K, reserved 1048576K
Event: 161.131 GC heap after
Heap after GC invocations=20 (full 3):
 PSYoungGen      total 219648K, used 22014K [0x00000000d5580000, 0x00000000e5b80000, 0x0000000100000000)
  eden space 197632K, 0% used [0x00000000d5580000,0x00000000d5580000,0x00000000e1680000)
  from space 22016K, 99% used [0x00000000e1680000,0x00000000e2bff9e0,0x00000000e2c00000)
  to   space 25088K, 0% used [0x00000000e4300000,0x00000000e4300000,0x00000000e5b80000)
 ParOldGen       total 159232K, used 48753K [0x0000000080000000, 0x0000000089b80000, 0x00000000d5580000)
  object space 159232K, 30% used [0x0000000080000000,0x0000000082f9c478,0x0000000089b80000)
 Metaspace       used 69377K, capacity 73017K, committed 73108K, reserved 1112064K
  class space    used 8996K, capacity 9866K, committed 9876K, reserved 1048576K
}
Event: 173.255 GC heap before
{Heap before GC invocations=21 (full 3):
 PSYoungGen      total 219648K, used 219646K [0x00000000d5580000, 0x00000000e5b80000, 0x0000000100000000)
  eden space 197632K, 100% used [0x00000000d5580000,0x00000000e1680000,0x00000000e1680000)
  from space 22016K, 99% used [0x00000000e1680000,0x00000000e2bff9e0,0x00000000e2c00000)
  to   space 25088K, 0% used [0x00000000e4300000,0x00000000e4300000,0x00000000e5b80000)
 ParOldGen       total 159232K, used 48753K [0x0000000080000000, 0x0000000089b80000, 0x00000000d5580000)
  object space 159232K, 30% used [0x0000000080000000,0x0000000082f9c478,0x0000000089b80000)
 Metaspace       used 70898K, capacity 74629K, committed 74900K, reserved 1114112K
  class space    used 9181K, capacity 10072K, committed 10132K, reserved 1048576K
Event: 173.327 GC heap after
Heap after GC invocations=21 (full 3):
 PSYoungGen      total 240128K, used 8124K [0x00000000d5580000, 0x00000000e5980000, 0x0000000100000000)
  eden space 217088K, 0% used [0x00000000d5580000,0x00000000d5580000,0x00000000e2980000)
  from space 23040K, 35% used [0x00000000e4300000,0x00000000e4aef160,0x00000000e5980000)
  to   space 24576K, 0% used [0x00000000e2980000,0x00000000e2980000,0x00000000e4180000)
 ParOldGen       total 159232K, used 56779K [0x0000000080000000, 0x0000000089b80000, 0x00000000d5580000)
  object space 159232K, 35% used [0x0000000080000000,0x0000000083772ca0,0x0000000089b80000)
 Metaspace       used 70898K, capacity 74629K, committed 74900K, reserved 1114112K
  class space    used 9181K, capacity 10072K, committed 10132K, reserved 1048576K
}

